<?xml version="1.1" encoding="UTF-8"?>
<testsuite name="PersonTest" tests="1" failures="0" errors="0" timestamp="2014-01-13T16:27:11" hostname="Keimis-MacBook-Air.local" time="0.003">
  <properties/>
  <testcase name="testsNormalName" classname="PersonTest" time="0.003"/>
  <system-out><![CDATA[]]></system-out>
  <system-err><![CDATA[]]></system-err>
</testsuite>
