<?xml version="1.1" encoding="UTF-8"?>
<testsuite name="LibraryMemberTest" tests="1" failures="0" errors="0" timestamp="2014-01-13T20:58:29" hostname="Keimis-MacBook-Air.local" time="0.001">
  <properties/>
  <testcase name="shouldBeAbleToGetAName" classname="LibraryMemberTest" time="0.001"/>
  <system-out><![CDATA[]]></system-out>
  <system-err><![CDATA[]]></system-err>
</testsuite>
