<?xml version="1.1" encoding="UTF-8"?>
<testsuite name="BookTest" tests="2" failures="0" errors="0" timestamp="2014-01-19T21:20:01" hostname="keimis-air.lan" time="0.003">
  <properties/>
  <testcase name="shouldBeAbleToGetAnAuthor" classname="BookTest" time="0.002"/>
  <testcase name="shouldBeAbleToGetATitle" classname="BookTest" time="0.0"/>
  <system-out><![CDATA[]]></system-out>
  <system-err><![CDATA[]]></system-err>
</testsuite>
