<?xml version="1.1" encoding="UTF-8"?>
<testsuite name="LibraryMemberTest" tests="2" failures="0" errors="0" timestamp="2014-01-19T21:20:01" hostname="keimis-air.lan" time="0.001">
  <properties/>
  <testcase name="shouldBeAbleToGetAName" classname="LibraryMemberTest" time="0.0"/>
  <testcase name="shouldBeAbleToSetId" classname="LibraryMemberTest" time="0.0"/>
  <system-out><![CDATA[]]></system-out>
  <system-err><![CDATA[]]></system-err>
</testsuite>
