<?xml version="1.1" encoding="UTF-8"?>
<testsuite name="BookTest" tests="2" failures="0" errors="0" timestamp="2014-01-13T20:58:29" hostname="Keimis-MacBook-Air.local" time="0.002">
  <properties/>
  <testcase name="shouldBeAbleToGetAnAuthor" classname="BookTest" time="0.001"/>
  <testcase name="shouldBeAbleToGetATitle" classname="BookTest" time="0.0"/>
  <system-out><![CDATA[]]></system-out>
  <system-err><![CDATA[]]></system-err>
</testsuite>
